Parsing all 765411 of the Belarusian dictionary: 0... 10000... 20000... 30000... 40000... 50000... 60000... 70000... 80000... 90000... 100000... 110000... 120000... 130000... 140000... 150000... 160000... 170000... 180000... 190000... 200000... 210000... 220000... 230000... 240000... 250000... 260000... 270000... 280000... 290000... 300000... 310000... 320000... 330000... 340000... 350000... 360000... 370000... 380000... 390000... 400000... 410000... 420000... 430000... 440000... 450000... 460000... 470000... 480000... 490000... 500000... 510000... 520000... 530000... 540000... 550000... 560000... 570000... 580000... 590000... 600000... 610000... 620000... 630000... 640000... 650000... 660000... 670000... 680000... 690000... 700000... 710000... 720000... 730000... 740000... 750000... 760000... 
Found 103726 triplets, 462 unique:
бгл
бгн
бгр
бдз
бдр
бзв
бкв
бкл
бкр
блв
бпл
бпр
брн
брр
бсв
бск
бсл
бсм
бст
бсц
бтр
бхв
бшл
бшм
бшн
бшч
влт
гдз
гдт
гск
гст
гшт
дбл
дбр
дгл
дгн
дгр
ддз
ддр
джв
джг
джл
джм
джс
дзв
дзг
дзн
дкв
дкл
дкн
дкр
дпл
дпр
држ
дсв
дск
дсл
дсм
дсн
дсп
дст
дсц
дтр
дфр
дхв
дхл
дхм
дхр
дцв
дчл
дшв
дшк
дшл
дшм
дшн
дшп
дшр
дшт
дшч
ждж
ждз
жпл
жск
збл
збр
згв
згл
згн
згр
здв
здж
здз
здк
здн
здр
здц
здч
ззб
ззв
ззл
ззм
ззн
злк
змн
змр
зпр
зск
кбр
кгм
кдз
кпл
ксв
ксг
кск
ксл
ксн
ксп
кст
ксф
ксц
ктв
ктн
ктр
кхм
кчв
кшт
лгр
лдз
лжс
лзв
лкн
лмс
лпк
лпл
лск
лст
лсц
лцк
мбл
мбн
мбр
мгл
мгн
мдз
мкл
мкн
мкр
млн
млр
мпл
мпн
мпр
мпт
мпф
мпц
мск
мсл
мсн
мст
мсц
мтн
мфл
мфр
мхл
мцк
мшт
мшч
нбл
нгв
нгк
нгл
нгм
нгр
нгс
нгт
нгш
ндб
ндв
ндг
ндж
ндз
ндк
ндл
ндм
ндн
ндп
ндр
ндс
ндт
ндц
ндш
нжн
нзб
нкв
нкл
нкн
нкр
нкс
нкт
нкф
нкц
нпл
нсг
нск
нсл
нсм
нсн
нсп
нсс
нст
нсф
нсц
нтв
нтг
нтк
нтл
нтн
нтр
нтц
нтш
нфл
нфр
нхг
нхр
нцв
нцз
нцк
нцл
нцм
нцп
нцт
нчв
ншв
ншл
ншн
ншп
ншс
ншт
ншч
пкр
плз
прс
пск
псл
пст
птв
птм
птн
птр
пфр
пхн
пшч
рбв
рбк
рбл
рбн
рбр
рбс
рбц
ргв
ргл
ргм
ргн
ргс
рдв
рдд
рдж
рдз
рдк
рдл
рдн
рдс
рдц
ржб
ржг
ржк
ржн
ржп
ржс
ржц
рзд
рзк
рзл
рзн
рзс
рзц
ркв
ркл
ркм
ркн
ркс
ркт
ркц
ркш
рлс
рмк
рмл
рмн
рмс
рмц
рнн
рнс
рпв
рпк
рпл
рпн
рпр
рпс
рпц
рсв
рск
рсн
рсп
рст
рсц
ртб
ртв
ртг
ртж
ртз
ртк
ртл
ртм
ртн
ртп
ртр
ртс
ртф
ртц
ртш
рфл
рфн
рфс
рхв
рхл
рхн
рцв
рцк
рчб
рчв
рчм
ршв
ршк
ршм
ршн
ршр
ршт
ршц
ршч
скв
скл
скн
скр
скс
слл
спл
спр
спц
ссв
сск
ссл
ссм
ссн
ссп
сст
ссц
стб
ств
стг
стк
стл
стм
стн
стп
стр
стс
стт
стф
стц
стч
сфр
схв
схл
схм
схн
схр
сцв
сцк
сцц
счл
сшк
сшл
сшм
сшн
сшп
сшр
сшт
сшч
тбр
тгр
тдз
тзн
ткв
ткн
ткр
тпр
трд
тсв
тск
тсл
тст
тфр
тхл
тхн
тшч
фск
фст
фтн
фшт
фшч
хгр
хдз
хзм
хзн
хкв
хкл
хкн
хкр
хпр
хск
хсп
хст
хсх
хтв
хтс
ххв
хчл
цкв
цпр
цсс
цст
цтв
чхн
чшт
шкв
шкл
шпл
шпр
шск
штв
штк
штм
штн
штр
штц
шцк
шчв
шчк
шчн
шчц
шчч
шшт
